<?xml version="1.0" encoding="UTF-8"?>
<testng-results skipped="0" failed="0" ignored="0" total="1" passed="1">
  <reporter-output>
  </reporter-output>
  <suite name="Suite" duration-ms="178929" started-at="2018-11-26T23:35:44Z" finished-at="2018-11-26T23:38:42Z">
    <groups>
    </groups>
    <test name="Test1" duration-ms="178929" started-at="2018-11-26T23:35:44Z" finished-at="2018-11-26T23:38:42Z">
      <class name="testScriptDefinitions.TestSet1.TC101CreateNewContact">
        <test-method status="PASS" signature="TC101_CreateNewContact(java.lang.String)[pri:0, instance:testScriptDefinitions.TestSet1.TC101CreateNewContact@6bf0219d]" name="TC101_CreateNewContact" duration-ms="178782" started-at="2018-11-26T23:35:44Z" finished-at="2018-11-26T23:38:42Z">
          <params>
            <param index="0">
              <value>
                <![CDATA[ie]]>
              </value>
            </param>
          </params>
          <reporter-output>
          </reporter-output>
        </test-method> <!-- TC101_CreateNewContact -->
      </class> <!-- testScriptDefinitions.TestSet1.TC101CreateNewContact -->
    </test> <!-- Test1 -->
  </suite> <!-- Suite -->
</testng-results>
